2022-02-24 18:41:37:4137 [35mhttp[39m: [35mGET /weather 304 - - 16.250 ms[39m
[35m[39m
2022-02-24 18:41:42:4142 [35mhttp[39m: [35mGET /weather 304 - - 2.044 ms[39m
[35m[39m
2022-02-24 18:41:43:4143 [35mhttp[39m: [35mGET /weather 304 - - 0.558 ms[39m
[35m[39m
2022-02-24 18:53:34:5334 [31merror[39m: [31mGET - name is not defined  - /weather - ::1[39m
2022-02-24 18:53:34:5334 [35mhttp[39m: [35mGET /weather 500 1309 - 33.116 ms[39m
[35m[39m
2022-02-24 18:56:28:5628 [31merror[39m: [31mGET - axios is not defined  - /weather - ::1[39m
2022-02-24 18:56:28:5628 [35mhttp[39m: [35mGET /weather 500 1216 - 18.386 ms[39m
[35m[39m
2022-02-24 18:56:49:5649 [35mhttp[39m: [35mGET /weather 200 2 - 103.717 ms[39m
[35m[39m
2022-02-24 18:57:21:5721 [35mhttp[39m: [35mGET /weather 304 - - 42.548 ms[39m
[35m[39m
2022-02-24 18:57:23:5723 [35mhttp[39m: [35mGET /weather 304 - - 8.884 ms[39m
[35m[39m
2022-02-24 18:57:28:5728 [35mhttp[39m: [35mGET /weather 304 - - 6.096 ms[39m
[35m[39m
2022-02-24 19:00:38:038 [35mhttp[39m: [35mGET /weather 304 - - 47.308 ms[39m
[35m[39m
2022-02-24 19:00:40:040 [35mhttp[39m: [35mGET /weather 304 - - 14.690 ms[39m
[35m[39m
2022-02-24 19:01:00:10 [35mhttp[39m: [35mGET /weather 304 - - 94.572 ms[39m
[35m[39m
2022-02-24 19:01:01:11 [35mhttp[39m: [35mGET /weather 304 - - 3.669 ms[39m
[35m[39m
2022-02-24 19:01:17:117 [35mhttp[39m: [35mGET /weather 304 - - 89.009 ms[39m
[35m[39m
2022-02-24 19:01:30:130 [35mhttp[39m: [35mGET /weather 304 - - 129.009 ms[39m
[35m[39m
2022-02-24 19:01:31:131 [35mhttp[39m: [35mGET /weather 304 - - 17.516 ms[39m
[35m[39m
2022-02-24 19:02:13:213 [35mhttp[39m: [35mGET /weather 304 - - 74.959 ms[39m
[35m[39m
2022-02-24 19:02:38:238 [35mhttp[39m: [35mGET /weather 304 - - 96.434 ms[39m
[35m[39m
2022-02-24 19:03:15:315 [35mhttp[39m: [35mGET /weather 304 - - 298.422 ms[39m
[35m[39m
2022-02-24 19:03:54:354 [35mhttp[39m: [35mGET /weather 304 - - 202.019 ms[39m
[35m[39m
2022-02-24 19:09:49:949 [35mhttp[39m: [35mGET /weather 200 16 - 173.785 ms[39m
[35m[39m
2022-02-24 19:09:51:951 [35mhttp[39m: [35mGET /weather 304 - - 120.160 ms[39m
[35m[39m
2022-02-24 19:26:28:2628 [35mhttp[39m: [35mGET /weather 304 - - 475.324 ms[39m
[35m[39m
2022-02-24 19:27:00:270 [35mhttp[39m: [35mGET /weather 304 - - 428.263 ms[39m
[35m[39m
2022-02-24 19:28:32:2832 [35mhttp[39m: [35mGET /weather 304 - - 398.356 ms[39m
[35m[39m
2022-02-24 19:29:39:2939 [35mhttp[39m: [35mGET /weather 304 - - 322.499 ms[39m
[35m[39m
2022-02-24 19:30:09:309 [35mhttp[39m: [35mGET /weather 304 - - 410.979 ms[39m
[35m[39m
2022-02-24 19:30:20:3020 [35mhttp[39m: [35mGET /weather 304 - - 317.180 ms[39m
[35m[39m
2022-02-24 19:30:50:3050 [35mhttp[39m: [35mGET /weather 304 - - 129.827 ms[39m
[35m[39m
2022-02-24 19:31:48:3148 [35mhttp[39m: [35mGET /weather 304 - - 140.196 ms[39m
[35m[39m
2022-02-24 19:31:49:3149 [35mhttp[39m: [35mGET /weather 304 - - 105.598 ms[39m
[35m[39m
2022-02-24 19:39:12:3912 [35mhttp[39m: [35mGET /weather 304 - - 163.929 ms[39m
[35m[39m
2022-02-24 19:39:57:3957 [35mhttp[39m: [35mGET /weather 304 - - 187.383 ms[39m
[35m[39m
2022-02-24 19:40:29:4029 [35mhttp[39m: [35mGET /weather 304 - - 168.576 ms[39m
[35m[39m
2022-02-24 19:41:36:4136 [35mhttp[39m: [35mGET /weather 200 16 - 274.807 ms[39m
[35m[39m
2022-02-24 19:43:38:4338 [35mhttp[39m: [35mGET /weather 304 - - 329.168 ms[39m
[35m[39m
2022-02-24 20:02:13:213 [35mhttp[39m: [35mGET /weather 304 - - 222.939 ms[39m
[35m[39m
2022-02-24 20:02:28:228 [35mhttp[39m: [35mGET /weather 304 - - 251.704 ms[39m
[35m[39m
2022-02-24 20:04:39:439 [35mhttp[39m: [35mGET /weather 304 - - 181.613 ms[39m
[35m[39m
2022-02-24 20:05:05:55 [35mhttp[39m: [35mGET /weather 304 - - 191.457 ms[39m
[35m[39m
2022-02-24 20:05:22:522 [35mhttp[39m: [35mGET /weather 304 - - 234.974 ms[39m
[35m[39m
2022-02-24 20:06:29:629 [35mhttp[39m: [35mGET /weather 304 - - 177.498 ms[39m
[35m[39m
2022-02-24 20:15:07:157 [35mhttp[39m: [35mGET /weather 304 - - 222.978 ms[39m
[35m[39m
2022-02-24 20:15:45:1545 [35mhttp[39m: [35mGET /weather 200 1462 - 213.275 ms[39m
[35m[39m
2022-02-24 20:16:26:1626 [35mhttp[39m: [35mGET /weather 200 1462 - 175.224 ms[39m
[35m[39m
2022-02-24 20:20:15:2015 [35mhttp[39m: [35mGET /weather 200 1462 - 260.822 ms[39m
[35m[39m
2022-02-24 20:26:06:266 [35mhttp[39m: [35mGET /weather 200 134 - 191.510 ms[39m
[35m[39m
2022-02-24 20:27:57:2757 [35mhttp[39m: [35mGET /weather 200 2 - 178.513 ms[39m
[35m[39m
2022-02-24 20:28:08:288 [35mhttp[39m: [35mGET /weather 200 129 - 179.017 ms[39m
[35m[39m
2022-02-24 20:30:14:3014 [35mhttp[39m: [35mGET /weather 200 128 - 886.858 ms[39m
[35m[39m
2022-02-24 20:30:53:3053 [35mhttp[39m: [35mGET /weather 304 - - 201.200 ms[39m
[35m[39m
2022-02-24 20:32:59:3259 [35mhttp[39m: [35mGET /weather 200 129 - 233.980 ms[39m
[35m[39m
2022-02-24 20:35:46:3546 [35mhttp[39m: [35mGET /weather 200 129 - 192.794 ms[39m
[35m[39m
2022-02-24 20:36:28:3628 [35mhttp[39m: [35mGET /weather 200 220 - 160.470 ms[39m
[35m[39m
2022-02-24 20:37:08:378 [35mhttp[39m: [35mGET /weather 200 220 - 119.393 ms[39m
[35m[39m
2022-02-24 20:38:29:3829 [35mhttp[39m: [35mGET /weather 200 217 - 295.039 ms[39m
[35m[39m
2022-02-24 20:38:37:3837 [35mhttp[39m: [35mGET /weather 200 217 - 148.980 ms[39m
[35m[39m
2022-02-24 20:42:46:4246 [35mhttp[39m: [35mGET /weather - - - - ms[39m
[35m[39m
2022-02-24 20:45:06:456 [35mhttp[39m: [35mGET /weather - - - - ms[39m
[35m[39m
2022-02-24 20:45:06:456 [35mhttp[39m: [35mGET /weather 200 703 - 139.451 ms[39m
[35m[39m
2022-02-24 20:45:09:459 [35mhttp[39m: [35mGET /weather 304 - - 57.334 ms[39m
[35m[39m
2022-02-24 20:45:14:4514 [35mhttp[39m: [35mGET /weather 304 - - 61.130 ms[39m
[35m[39m
2022-02-24 20:52:38:5238 [35mhttp[39m: [35mGET /weather 200 703 - 902.809 ms[39m
[35m[39m
2022-02-24 20:53:02:532 [35mhttp[39m: [35mGET /weather 200 703 - 899.314 ms[39m
[35m[39m
2022-02-24 20:53:09:539 [35mhttp[39m: [35mPOST /weather 200 218 - 145.098 ms[39m
[35m[39m
2022-02-24 20:53:12:5312 [35mhttp[39m: [35mGET /weather 200 1055 - 48.927 ms[39m
[35m[39m
2022-02-25 11:45:14:4514 [31merror[39m: [31mGET - Not Found  - / - ::1[39m
2022-02-25 11:45:14:4514 [35mhttp[39m: [35mGET / 404 1359 - 9.142 ms[39m
[35m[39m
2022-02-25 11:45:33:4533 [35mhttp[39m: [35mGET /weather - - - - ms[39m
[35m[39m
2022-02-25 11:47:20:4720 [35mhttp[39m: [35mGET /weather 200 1055 - 920.090 ms[39m
[35m[39m
2022-02-25 11:47:21:4721 [31merror[39m: [31mGET - Not Found  - /favicon.ico - ::1[39m
2022-02-25 11:47:21:4721 [35mhttp[39m: [35mGET /favicon.ico 404 1359 - 3.544 ms[39m
[35m[39m
